<?xml version="1.0" encoding="UTF-8"?>
<testng-results ignored="0" total="1" passed="1" failed="0" skipped="0">
  <reporter-output>
  </reporter-output>
  <suite started-at="2023-02-09T17:44:31 CET" name="Default suite" finished-at="2023-02-09T17:44:40 CET" duration-ms="9461">
    <groups>
    </groups>
    <test started-at="2023-02-09T17:44:31 CET" name="Default test" finished-at="2023-02-09T17:44:40 CET" duration-ms="9461">
      <class name="Tests">
        <test-method is-config="true" signature="setup()[pri:0, instance:Tests@623a8092]" started-at="2023-02-09T17:44:31 CET" name="setup" finished-at="2023-02-09T17:44:40 CET" duration-ms="8545" status="PASS">
          <reporter-output>
          </reporter-output>
        </test-method> <!-- setup -->
        <test-method signature="verifyHomePage()[pri:0, instance:Tests@623a8092]" started-at="2023-02-09T17:44:40 CET" name="verifyHomePage" finished-at="2023-02-09T17:44:40 CET" duration-ms="36" status="PASS">
          <reporter-output>
          </reporter-output>
        </test-method> <!-- verifyHomePage -->
        <test-method is-config="true" signature="teardown()[pri:0, instance:Tests@623a8092]" started-at="2023-02-09T17:44:40 CET" name="teardown" finished-at="2023-02-09T17:44:40 CET" duration-ms="795" status="PASS">
          <reporter-output>
          </reporter-output>
        </test-method> <!-- teardown -->
      </class> <!-- Tests -->
    </test> <!-- Default test -->
  </suite> <!-- Default suite -->
</testng-results>
